"../../../Engine/Content/EditorResources/S_Actor.ubulk" 0
"../../../Engine/Content/EditorResources/S_Actor.uasset" 1
"../../../Engine/Content/EditorResources/S_Actor.uexp" 2
"../../../Engine/Content/EditorResources/S_BoxReflectionCapture.uasset" 3
"../../../Engine/Content/EditorResources/S_BoxReflectionCapture.uexp" 4
"../../../Engine/Content/EngineResources/DefaultTexture.ubulk" 5
"../../../Engine/Content/EngineResources/DefaultTexture.uasset" 6
"../../../Engine/Content/EngineResources/DefaultTexture.uexp" 7
"../../../Engine/Content/EngineResources/DefaultTextureCube.uasset" 8
"../../../Engine/Content/EngineResources/DefaultTextureCube.uexp" 9
"../../../Engine/Content/EngineResources/DefaultVolumeTexture2D.uasset" 10
"../../../Engine/Content/EngineResources/DefaultVolumeTexture2D.uexp" 11
"../../../Engine/Content/EngineResources/DefaultVolumeTexture.uasset" 12
"../../../Engine/Content/EngineResources/DefaultVolumeTexture.uexp" 13
"../../../Engine/Content/EditorResources/S_Trigger.ubulk" 14
"../../../Engine/Content/EditorResources/S_Trigger.uasset" 15
"../../../Engine/Content/EditorResources/S_Trigger.uexp" 16
"../../../Engine/Content/EditorResources/S_TriggerBox.uasset" 17
"../../../Engine/Content/EditorResources/S_TriggerBox.uexp" 18
"../../../Engine/Content/EditorResources/S_TriggerCapsule.uasset" 19
"../../../Engine/Content/EditorResources/S_TriggerCapsule.uexp" 20
"../../../Engine/Content/EditorResources/S_TriggerSphere.uasset" 21
"../../../Engine/Content/EditorResources/S_TriggerSphere.uexp" 22
"../../../Engine/Content/EngineMeshes/Sphere.ubulk" 23
"../../../Engine/Content/EngineMeshes/Sphere.uasset" 24
"../../../Engine/Content/EngineMeshes/Sphere.uexp" 25
"../../../Engine/Content/EngineResources/GradientTexture0.uasset" 26
"../../../Engine/Content/EngineResources/GradientTexture0.uexp" 27
"../../../Engine/Content/EngineResources/Black.uasset" 28
"../../../Engine/Content/EngineResources/Black.uexp" 29
"../../../Engine/Content/VREditor/LaserPointer/VR_LaserPower_01.ubulk" 30
"../../../Engine/Content/VREditor/LaserPointer/VR_LaserPower_01.uasset" 31
"../../../Engine/Content/VREditor/LaserPointer/VR_LaserPower_01.uexp" 32
"../../../Engine/Content/VREditor/TransformGizmo/TransformGizmoMaterial.uasset" 33
"../../../Engine/Content/VREditor/TransformGizmo/TransformGizmoMaterial.uexp" 34
"../../../Engine/Content/VREditor/TransformGizmo/TranslucentTransformGizmoMaterial.uasset" 35
"../../../Engine/Content/VREditor/TransformGizmo/TranslucentTransformGizmoMaterial.uexp" 36
"../../../Engine/Content/VREditor/TransformGizmo/PlaneTranslationHandle.ubulk" 37
"../../../Engine/Content/VREditor/TransformGizmo/PlaneTranslationHandle.uasset" 38
"../../../Engine/Content/VREditor/TransformGizmo/PlaneTranslationHandle.uexp" 39
"../../../Engine/Content/VREditor/TransformGizmo/BoundingBoxCorner.ubulk" 40
"../../../Engine/Content/VREditor/TransformGizmo/BoundingBoxCorner.uasset" 41
"../../../Engine/Content/VREditor/TransformGizmo/BoundingBoxCorner.uexp" 42
"../../../Engine/Content/VREditor/TransformGizmo/BoundingBoxEdge.ubulk" 43
"../../../Engine/Content/VREditor/TransformGizmo/BoundingBoxEdge.uasset" 44
"../../../Engine/Content/VREditor/TransformGizmo/BoundingBoxEdge.uexp" 45
"../../../Engine/Content/VREditor/TransformGizmo/Main.uasset" 46
"../../../Engine/Content/VREditor/TransformGizmo/Main.uexp" 47
"../../../Engine/Content/VREditor/TransformGizmo/Xray.uasset" 48
"../../../Engine/Content/VREditor/TransformGizmo/Xray.uexp" 49
"../../../Engine/Content/VREditor/TransformGizmo/SM_Sequencer_Node.ubulk" 50
"../../../Engine/Content/VREditor/TransformGizmo/SM_Sequencer_Node.uasset" 51
"../../../Engine/Content/VREditor/TransformGizmo/SM_Sequencer_Node.uexp" 52
"../../../Engine/Content/EditorMaterials/Camera/CineMat.uasset" 53
"../../../Engine/Content/EditorMaterials/Camera/CineMat.uexp" 54
"../../../Engine/Content/EditorMaterials/Camera/MI_CineMat_Rig.uasset" 55
"../../../Engine/Content/EditorMaterials/Camera/MI_CineMat_Rig.uexp" 56
"../../../Engine/Content/EditorMeshes/Camera/SM_CraneRig_Base.ubulk" 57
"../../../Engine/Content/EditorMeshes/Camera/SM_CraneRig_Base.uasset" 58
"../../../Engine/Content/EditorMeshes/Camera/SM_CraneRig_Base.uexp" 59
"../../../Engine/Content/EditorMeshes/Camera/SM_CraneRig_Arm.ubulk" 60
"../../../Engine/Content/EditorMeshes/Camera/SM_CraneRig_Arm.uasset" 61
"../../../Engine/Content/EditorMeshes/Camera/SM_CraneRig_Arm.uexp" 62
"../../../Engine/Content/EditorMeshes/Camera/SM_CraneRig_Mount.ubulk" 63
"../../../Engine/Content/EditorMeshes/Camera/SM_CraneRig_Mount.uasset" 64
"../../../Engine/Content/EditorMeshes/Camera/SM_CraneRig_Mount.uexp" 65
"../../../Engine/Content/EditorMeshes/Camera/SM_CraneRig_Body.ubulk" 66
"../../../Engine/Content/EditorMeshes/Camera/SM_CraneRig_Body.uasset" 67
"../../../Engine/Content/EditorMeshes/Camera/SM_CraneRig_Body.uexp" 68
"../../../Engine/Content/EditorMeshes/Camera/SM_RailRig_Track.ubulk" 69
"../../../Engine/Content/EditorMeshes/Camera/SM_RailRig_Track.uasset" 70
"../../../Engine/Content/EditorMeshes/Camera/SM_RailRig_Track.uexp" 71
"../../../Engine/Content/EditorMeshes/Camera/SM_RailRig_Mount.ubulk" 72
"../../../Engine/Content/EditorMeshes/Camera/SM_RailRig_Mount.uasset" 73
"../../../Engine/Content/EditorMeshes/Camera/SM_RailRig_Mount.uexp" 74
"../../../Engine/Content/EngineMaterials/T_Default_Material_Grid_M.ubulk" 75
"../../../Engine/Content/EngineMaterials/T_Default_Material_Grid_M.uasset" 76
"../../../Engine/Content/EngineMaterials/T_Default_Material_Grid_M.uexp" 77
"../../../Engine/Content/EngineMaterials/T_Default_Material_Grid_N.ubulk" 78
"../../../Engine/Content/EngineMaterials/T_Default_Material_Grid_N.uasset" 79
"../../../Engine/Content/EngineMaterials/T_Default_Material_Grid_N.uexp" 80
"../../../Engine/Content/Functions/Engine_MaterialFunctions01/Opacity/CameraDepthFade.uasset" 81
"../../../Engine/Content/Functions/Engine_MaterialFunctions01/Opacity/CameraDepthFade.uexp" 82
"../../../Engine/Content/EngineMaterials/WorldGridMaterial.uasset" 83
"../../../Engine/Content/EngineMaterials/WorldGridMaterial.uexp" 84
"../../../Engine/Content/ArtTools/RenderToTexture/Meshes/S_1_Unit_Plane.ubulk" 85
"../../../Engine/Content/ArtTools/RenderToTexture/Meshes/S_1_Unit_Plane.uasset" 86
"../../../Engine/Content/ArtTools/RenderToTexture/Meshes/S_1_Unit_Plane.uexp" 87
"../../../Engine/Content/EditorMaterials/ParticleSystems/PSysThumbnail_NoImage.ubulk" 88
"../../../Engine/Content/EditorMaterials/ParticleSystems/PSysThumbnail_NoImage.uasset" 89
"../../../Engine/Content/EditorMaterials/ParticleSystems/PSysThumbnail_NoImage.uexp" 90
"../../../Engine/Content/EditorMaterials/ParticleSystems/PSysThumbnail_OOD.ubulk" 91
"../../../Engine/Content/EditorMaterials/ParticleSystems/PSysThumbnail_OOD.uasset" 92
"../../../Engine/Content/EditorMaterials/ParticleSystems/PSysThumbnail_OOD.uexp" 93
"../../../Engine/Content/EditorLandscapeResources/SplineEditorMeshMat.uasset" 94
"../../../Engine/Content/EditorLandscapeResources/SplineEditorMeshMat.uexp" 95
"../../../Engine/Content/EditorLandscapeResources/SplineEditorMesh.ubulk" 96
"../../../Engine/Content/EditorLandscapeResources/SplineEditorMesh.uasset" 97
"../../../Engine/Content/EditorLandscapeResources/SplineEditorMesh.uexp" 98
"../../../Engine/Content/EditorResources/S_Solver.ubulk" 99
"../../../Engine/Content/EditorResources/S_Solver.uasset" 100
"../../../Engine/Content/EditorResources/S_Solver.uexp" 101
"../../../Engine/Plugins/Media/MediaPlate/Content/SM_MediaPlateScreen.ubulk" 102
"../../../Engine/Plugins/Media/MediaPlate/Content/SM_MediaPlateScreen.uasset" 103
"../../../Engine/Plugins/Media/MediaPlate/Content/SM_MediaPlateScreen.uexp" 104
"../../../Engine/Content/EngineMaterials/Good64x64TilingNoiseHighFreq.uasset" 105
"../../../Engine/Content/EngineMaterials/Good64x64TilingNoiseHighFreq.uexp" 106
"../../../Engine/Content/EngineMaterials/DefaultBokeh.uasset" 107
"../../../Engine/Content/EngineMaterials/DefaultBokeh.uexp" 108
"../../../Engine/Content/EngineMaterials/PreintegratedSkinBRDF.uasset" 109
"../../../Engine/Content/EngineMaterials/PreintegratedSkinBRDF.uexp" 110
"../../../Engine/Content/EngineMaterials/MiniFont.uasset" 111
"../../../Engine/Content/EngineMaterials/MiniFont.uexp" 112
"../../../Engine/Content/EngineMaterials/WeightMapPlaceholderTexture.uasset" 113
"../../../Engine/Content/EngineMaterials/WeightMapPlaceholderTexture.uexp" 114
"../../../Engine/Content/EngineMaterials/DefaultWhiteGrid.ubulk" 115
"../../../Engine/Content/EngineMaterials/DefaultWhiteGrid.uasset" 116
"../../../Engine/Content/EngineMaterials/DefaultWhiteGrid.uexp" 117
"../../../Engine/Plugins/2D/Paper2D/Content/PlaceholderTextures/DummySpriteTexture.ubulk" 118
"../../../Engine/Plugins/2D/Paper2D/Content/PlaceholderTextures/DummySpriteTexture.uasset" 119
"../../../Engine/Plugins/2D/Paper2D/Content/PlaceholderTextures/DummySpriteTexture.uexp" 120
"../../../Engine/Plugins/2D/Paper2D/Content/DefaultSpriteMaterial.uasset" 121
"../../../Engine/Plugins/2D/Paper2D/Content/DefaultSpriteMaterial.uexp" 122
"../../../Engine/Plugins/2D/Paper2D/Content/OpaqueUnlitSpriteMaterial.uasset" 123
"../../../Engine/Plugins/2D/Paper2D/Content/OpaqueUnlitSpriteMaterial.uexp" 124
"../../../Engine/Plugins/2D/Paper2D/Content/MaskedUnlitSpriteMaterial.uasset" 125
"../../../Engine/Plugins/2D/Paper2D/Content/MaskedUnlitSpriteMaterial.uexp" 126
"../../../Engine/Plugins/2D/Paper2D/Content/DummySprite.uasset" 127
"../../../Engine/Plugins/2D/Paper2D/Content/DummySprite.uexp" 128
"../../../Engine/Plugins/2D/Paper2D/Content/DefaultPaperTerrainMaterial.uasset" 129
"../../../Engine/Plugins/2D/Paper2D/Content/DefaultPaperTerrainMaterial.uexp" 130
"C:/Users/jpkmy/OneDrive/Documents/Unreal Projects/CG_P2/GMTK-2023/GMTK_2023/Content/Platforms/Material.uasset" 131
"C:/Users/jpkmy/OneDrive/Documents/Unreal Projects/CG_P2/GMTK-2023/GMTK_2023/Content/Platforms/Material.uexp" 132
"C:/Users/jpkmy/OneDrive/Documents/Unreal Projects/CG_P2/GMTK-2023/GMTK_2023/Content/Platforms/platform_scoop.ubulk" 133
"C:/Users/jpkmy/OneDrive/Documents/Unreal Projects/CG_P2/GMTK-2023/GMTK_2023/Content/Platforms/platform_scoop.uasset" 134
"C:/Users/jpkmy/OneDrive/Documents/Unreal Projects/CG_P2/GMTK-2023/GMTK_2023/Content/Platforms/platform_scoop.uexp" 135
"C:/Users/jpkmy/OneDrive/Documents/Unreal Projects/CG_P2/GMTK-2023/GMTK_2023/Content/Platforms/Mat_RedPlatform.uasset" 136
"C:/Users/jpkmy/OneDrive/Documents/Unreal Projects/CG_P2/GMTK-2023/GMTK_2023/Content/Platforms/Mat_RedPlatform.uexp" 137
"C:/Users/jpkmy/OneDrive/Documents/Unreal Projects/CG_P2/GMTK-2023/GMTK_2023/Content/Platforms/MI_RedPlatform.uasset" 138
"C:/Users/jpkmy/OneDrive/Documents/Unreal Projects/CG_P2/GMTK-2023/GMTK_2023/Content/Platforms/MI_RedPlatform.uexp" 139
"C:/Users/jpkmy/OneDrive/Documents/Unreal Projects/CG_P2/GMTK-2023/GMTK_2023/Content/Platforms/MI_YellowPlatform.uasset" 140
"C:/Users/jpkmy/OneDrive/Documents/Unreal Projects/CG_P2/GMTK-2023/GMTK_2023/Content/Platforms/MI_YellowPlatform.uexp" 141
"C:/Users/jpkmy/OneDrive/Documents/Unreal Projects/CG_P2/GMTK-2023/GMTK_2023/Content/Platforms/platform_rectangle.ubulk" 142
"C:/Users/jpkmy/OneDrive/Documents/Unreal Projects/CG_P2/GMTK-2023/GMTK_2023/Content/Platforms/platform_rectangle.uasset" 143
"C:/Users/jpkmy/OneDrive/Documents/Unreal Projects/CG_P2/GMTK-2023/GMTK_2023/Content/Platforms/platform_rectangle.uexp" 144
"C:/Users/jpkmy/OneDrive/Documents/Unreal Projects/CG_P2/GMTK-2023/GMTK_2023/Content/UI/crosshair.ubulk" 145
"C:/Users/jpkmy/OneDrive/Documents/Unreal Projects/CG_P2/GMTK-2023/GMTK_2023/Content/UI/crosshair.uasset" 146
"C:/Users/jpkmy/OneDrive/Documents/Unreal Projects/CG_P2/GMTK-2023/GMTK_2023/Content/UI/crosshair.uexp" 147
"C:/Users/jpkmy/OneDrive/Documents/Unreal Projects/CG_P2/GMTK-2023/GMTK_2023/Content/UI/WBP_ButtonWidget.uasset" 148
"C:/Users/jpkmy/OneDrive/Documents/Unreal Projects/CG_P2/GMTK-2023/GMTK_2023/Content/UI/WBP_ButtonWidget.uexp" 149
"C:/Users/jpkmy/OneDrive/Documents/Unreal Projects/CG_P2/GMTK-2023/GMTK_2023/Content/Platforms/BP_Platform.uasset" 150
"C:/Users/jpkmy/OneDrive/Documents/Unreal Projects/CG_P2/GMTK-2023/GMTK_2023/Content/Platforms/BP_Platform.uexp" 151
"../../../Engine/Content/EngineFonts/Faces/DroidSansMono.uexp" 152
"../../../Engine/Content/EngineFonts/Faces/DroidSansMono.uasset" 153
"../../../Engine/Content/EngineFonts/Faces/DroidSansMono.ufont" 154
"../../../Engine/Content/EngineFonts/Faces/DroidSansFallback.uexp" 155
"../../../Engine/Content/EngineFonts/Faces/DroidSansFallback.uasset" 156
"../../../Engine/Content/EngineFonts/Faces/DroidSansFallback.ufont" 157
"../../../Engine/Content/EngineFonts/DroidSansMono.uasset" 158
"../../../Engine/Content/EngineFonts/DroidSansMono.uexp" 159
"C:/Users/jpkmy/OneDrive/Documents/Unreal Projects/CG_P2/GMTK-2023/GMTK_2023/Content/UI/WBP_ResetTip.uasset" 160
"C:/Users/jpkmy/OneDrive/Documents/Unreal Projects/CG_P2/GMTK-2023/GMTK_2023/Content/UI/WBP_ResetTip.uexp" 161
"C:/Users/jpkmy/OneDrive/Documents/Unreal Projects/CG_P2/GMTK-2023/GMTK_2023/Content/BP_GameMode.uasset" 162
"C:/Users/jpkmy/OneDrive/Documents/Unreal Projects/CG_P2/GMTK-2023/GMTK_2023/Content/BP_GameMode.uexp" 163
"../../../Engine/Content/EngineFonts/Faces/RobotoTiny.uexp" 164
"../../../Engine/Content/EngineFonts/Faces/RobotoTiny.uasset" 165
"../../../Engine/Content/EngineFonts/Faces/RobotoTiny.ufont" 166
"../../../Engine/Content/EngineFonts/RobotoTiny.uasset" 167
"../../../Engine/Content/EngineFonts/RobotoTiny.uexp" 168
"C:/Users/jpkmy/OneDrive/Documents/Unreal Projects/CG_P2/GMTK-2023/GMTK_2023/Content/UI/WBP_LevelTransiition.uasset" 169
"C:/Users/jpkmy/OneDrive/Documents/Unreal Projects/CG_P2/GMTK-2023/GMTK_2023/Content/UI/WBP_LevelTransiition.uexp" 170
"C:/Users/jpkmy/OneDrive/Documents/Unreal Projects/CG_P2/GMTK-2023/GMTK_2023/Content/UI/RT.uasset" 171
"C:/Users/jpkmy/OneDrive/Documents/Unreal Projects/CG_P2/GMTK-2023/GMTK_2023/Content/UI/RT.uexp" 172
"C:/Users/jpkmy/OneDrive/Documents/Unreal Projects/CG_P2/GMTK-2023/GMTK_2023/Content/UI/LB.uasset" 173
"C:/Users/jpkmy/OneDrive/Documents/Unreal Projects/CG_P2/GMTK-2023/GMTK_2023/Content/UI/LB.uexp" 174
"C:/Users/jpkmy/OneDrive/Documents/Unreal Projects/CG_P2/GMTK-2023/GMTK_2023/Content/UI/X.uasset" 175
"C:/Users/jpkmy/OneDrive/Documents/Unreal Projects/CG_P2/GMTK-2023/GMTK_2023/Content/UI/X.uexp" 176
"C:/Users/jpkmy/OneDrive/Documents/Unreal Projects/CG_P2/GMTK-2023/GMTK_2023/Content/UI/RB.uasset" 177
"C:/Users/jpkmy/OneDrive/Documents/Unreal Projects/CG_P2/GMTK-2023/GMTK_2023/Content/UI/RB.uexp" 178
"C:/Users/jpkmy/OneDrive/Documents/Unreal Projects/CG_P2/GMTK-2023/GMTK_2023/Content/UI/LT.uasset" 179
"C:/Users/jpkmy/OneDrive/Documents/Unreal Projects/CG_P2/GMTK-2023/GMTK_2023/Content/UI/LT.uexp" 180
"C:/Users/jpkmy/OneDrive/Documents/Unreal Projects/CG_P2/GMTK-2023/GMTK_2023/Content/UI/WBP_MenuTips.uasset" 181
"C:/Users/jpkmy/OneDrive/Documents/Unreal Projects/CG_P2/GMTK-2023/GMTK_2023/Content/UI/WBP_MenuTips.uexp" 182
"C:/Users/jpkmy/OneDrive/Documents/Unreal Projects/CG_P2/GMTK-2023/GMTK_2023/Content/UI/START.uasset" 183
"C:/Users/jpkmy/OneDrive/Documents/Unreal Projects/CG_P2/GMTK-2023/GMTK_2023/Content/UI/START.uexp" 184
"C:/Users/jpkmy/OneDrive/Documents/Unreal Projects/CG_P2/GMTK-2023/GMTK_2023/Content/UI/WBP_Victory.uasset" 185
"C:/Users/jpkmy/OneDrive/Documents/Unreal Projects/CG_P2/GMTK-2023/GMTK_2023/Content/UI/WBP_Victory.uexp" 186
"C:/Users/jpkmy/OneDrive/Documents/Unreal Projects/CG_P2/GMTK-2023/GMTK_2023/Content/UI/WBP_Start_StartButton.uasset" 187
"C:/Users/jpkmy/OneDrive/Documents/Unreal Projects/CG_P2/GMTK-2023/GMTK_2023/Content/UI/WBP_Start_StartButton.uexp" 188
"C:/Users/jpkmy/OneDrive/Documents/Unreal Projects/CG_P2/GMTK-2023/GMTK_2023/Content/BP_GameInstance.uasset" 189
"C:/Users/jpkmy/OneDrive/Documents/Unreal Projects/CG_P2/GMTK-2023/GMTK_2023/Content/BP_GameInstance.uexp" 190
"C:/Users/jpkmy/OneDrive/Documents/Unreal Projects/CG_P2/GMTK-2023/GMTK_2023/Content/UI/WBP_GameVictory.uasset" 191
"C:/Users/jpkmy/OneDrive/Documents/Unreal Projects/CG_P2/GMTK-2023/GMTK_2023/Content/UI/WBP_GameVictory.uexp" 192
"../../../Engine/Content/EditorBlueprintResources/StandardMacros.uasset" 193
"../../../Engine/Content/EditorBlueprintResources/StandardMacros.uexp" 194
"C:/Users/jpkmy/OneDrive/Documents/Unreal Projects/CG_P2/GMTK-2023/GMTK_2023/Content/BP_PlayerController.uasset" 195
"C:/Users/jpkmy/OneDrive/Documents/Unreal Projects/CG_P2/GMTK-2023/GMTK_2023/Content/BP_PlayerController.uexp" 196
"C:/Users/jpkmy/OneDrive/Documents/Unreal Projects/CG_P2/GMTK-2023/GMTK_2023/Content/Platforms/pipe_MAT.uasset" 197
"C:/Users/jpkmy/OneDrive/Documents/Unreal Projects/CG_P2/GMTK-2023/GMTK_2023/Content/Platforms/pipe_MAT.uexp" 198
"C:/Users/jpkmy/OneDrive/Documents/Unreal Projects/CG_P2/GMTK-2023/GMTK_2023/Content/Platforms/pipe_Skeleton.uasset" 199
"C:/Users/jpkmy/OneDrive/Documents/Unreal Projects/CG_P2/GMTK-2023/GMTK_2023/Content/Platforms/pipe_Skeleton.uexp" 200
"C:/Users/jpkmy/OneDrive/Documents/Unreal Projects/CG_P2/GMTK-2023/GMTK_2023/Content/Platforms/pipe_PhysicsAsset.uasset" 201
"C:/Users/jpkmy/OneDrive/Documents/Unreal Projects/CG_P2/GMTK-2023/GMTK_2023/Content/Platforms/pipe_PhysicsAsset.uexp" 202
"C:/Users/jpkmy/OneDrive/Documents/Unreal Projects/CG_P2/GMTK-2023/GMTK_2023/Content/Platforms/pipe.uasset" 203
"C:/Users/jpkmy/OneDrive/Documents/Unreal Projects/CG_P2/GMTK-2023/GMTK_2023/Content/Platforms/pipe.uexp" 204
"../../../Engine/Content/Animation/DefaultAnimCurveCompressionSettings.uasset" 205
"../../../Engine/Content/Animation/DefaultAnimCurveCompressionSettings.uexp" 206
"../../../Engine/Content/Animation/DefaultAnimBoneCompressionSettings.uasset" 207
"../../../Engine/Content/Animation/DefaultAnimBoneCompressionSettings.uexp" 208
"C:/Users/jpkmy/OneDrive/Documents/Unreal Projects/CG_P2/GMTK-2023/GMTK_2023/Content/Platforms/pipe_Anim_Armature_spout.uasset" 209
"C:/Users/jpkmy/OneDrive/Documents/Unreal Projects/CG_P2/GMTK-2023/GMTK_2023/Content/Platforms/pipe_Anim_Armature_spout.uexp" 210
"C:/Users/jpkmy/OneDrive/Documents/Unreal Projects/CG_P2/GMTK-2023/GMTK_2023/Content/BP_Spawner.uasset" 211
"C:/Users/jpkmy/OneDrive/Documents/Unreal Projects/CG_P2/GMTK-2023/GMTK_2023/Content/BP_Spawner.uexp" 212
"C:/Users/jpkmy/OneDrive/Documents/Unreal Projects/CG_P2/GMTK-2023/GMTK_2023/Content/hero_PhysicsAsset.uasset" 213
"C:/Users/jpkmy/OneDrive/Documents/Unreal Projects/CG_P2/GMTK-2023/GMTK_2023/Content/hero_PhysicsAsset.uexp" 214
"C:/Users/jpkmy/OneDrive/Documents/Unreal Projects/CG_P2/GMTK-2023/GMTK_2023/Content/hero_Skeleton.uasset" 215
"C:/Users/jpkmy/OneDrive/Documents/Unreal Projects/CG_P2/GMTK-2023/GMTK_2023/Content/hero_Skeleton.uexp" 216
"C:/Users/jpkmy/OneDrive/Documents/Unreal Projects/CG_P2/GMTK-2023/GMTK_2023/Content/guyTxt.uasset" 217
"C:/Users/jpkmy/OneDrive/Documents/Unreal Projects/CG_P2/GMTK-2023/GMTK_2023/Content/guyTxt.uexp" 218
"C:/Users/jpkmy/OneDrive/Documents/Unreal Projects/CG_P2/GMTK-2023/GMTK_2023/Content/guy_MAT.uasset" 219
"C:/Users/jpkmy/OneDrive/Documents/Unreal Projects/CG_P2/GMTK-2023/GMTK_2023/Content/guy_MAT.uexp" 220
"C:/Users/jpkmy/OneDrive/Documents/Unreal Projects/CG_P2/GMTK-2023/GMTK_2023/Content/hero.uasset" 221
"C:/Users/jpkmy/OneDrive/Documents/Unreal Projects/CG_P2/GMTK-2023/GMTK_2023/Content/hero.uexp" 222
"C:/Users/jpkmy/OneDrive/Documents/Unreal Projects/CG_P2/GMTK-2023/GMTK_2023/Content/BP_Protag.uasset" 223
"C:/Users/jpkmy/OneDrive/Documents/Unreal Projects/CG_P2/GMTK-2023/GMTK_2023/Content/BP_Protag.uexp" 224
"C:/Users/jpkmy/OneDrive/Documents/Unreal Projects/CG_P2/GMTK-2023/GMTK_2023/Content/Platforms/platform_rectangleBounce_PhysicsAsset.uasset" 225
"C:/Users/jpkmy/OneDrive/Documents/Unreal Projects/CG_P2/GMTK-2023/GMTK_2023/Content/Platforms/platform_rectangleBounce_PhysicsAsset.uexp" 226
"C:/Users/jpkmy/OneDrive/Documents/Unreal Projects/CG_P2/GMTK-2023/GMTK_2023/Content/Platforms/Material_003.uasset" 227
"C:/Users/jpkmy/OneDrive/Documents/Unreal Projects/CG_P2/GMTK-2023/GMTK_2023/Content/Platforms/Material_003.uexp" 228
"C:/Users/jpkmy/OneDrive/Documents/Unreal Projects/CG_P2/GMTK-2023/GMTK_2023/Content/Platforms/platform_rectangleBounce_Skeleton.uasset" 229
"C:/Users/jpkmy/OneDrive/Documents/Unreal Projects/CG_P2/GMTK-2023/GMTK_2023/Content/Platforms/platform_rectangleBounce_Skeleton.uexp" 230
"C:/Users/jpkmy/OneDrive/Documents/Unreal Projects/CG_P2/GMTK-2023/GMTK_2023/Content/Platforms/platform_rectangleBounce.uasset" 231
"C:/Users/jpkmy/OneDrive/Documents/Unreal Projects/CG_P2/GMTK-2023/GMTK_2023/Content/Platforms/platform_rectangleBounce.uexp" 232
"C:/Users/jpkmy/OneDrive/Documents/Unreal Projects/CG_P2/GMTK-2023/GMTK_2023/Content/Platforms/platform_rectangleBounce_Anim_Root_bounce.uasset" 233
"C:/Users/jpkmy/OneDrive/Documents/Unreal Projects/CG_P2/GMTK-2023/GMTK_2023/Content/Platforms/platform_rectangleBounce_Anim_Root_bounce.uexp" 234
"C:/Users/jpkmy/OneDrive/Documents/Unreal Projects/CG_P2/GMTK-2023/GMTK_2023/Content/Platforms/BP_BouncePlatform.uasset" 235
"C:/Users/jpkmy/OneDrive/Documents/Unreal Projects/CG_P2/GMTK-2023/GMTK_2023/Content/Platforms/BP_BouncePlatform.uexp" 236
"../../../Engine/Content/Functions/Engine_MaterialFunctions02/WorldPositionOffset/CameraOffset.uasset" 237
"../../../Engine/Content/Functions/Engine_MaterialFunctions02/WorldPositionOffset/CameraOffset.uexp" 238
"../../../Engine/Plugins/Animation/ControlRig/Content/M_Manip.uasset" 239
"../../../Engine/Plugins/Animation/ControlRig/Content/M_Manip.uexp" 240
"../../../Engine/Content/Animation/DefaultRecorderBoneCompression.uasset" 241
"../../../Engine/Content/Animation/DefaultRecorderBoneCompression.uexp" 242
"../../../Engine/Content/EngineMaterials/DefaultMaterial.uasset" 243
"../../../Engine/Content/EngineMaterials/DefaultMaterial.uexp" 244
"../../../Engine/Content/BasicShapes/Sphere.ubulk" 245
"../../../Engine/Content/BasicShapes/Sphere.uasset" 246
"../../../Engine/Content/BasicShapes/Sphere.uexp" 247
"../../../Engine/Content/BasicShapes/Cylinder.ubulk" 248
"../../../Engine/Content/BasicShapes/Cylinder.uasset" 249
"../../../Engine/Content/BasicShapes/Cylinder.uexp" 250
"../../../Engine/Content/BasicShapes/Cone.ubulk" 251
"../../../Engine/Content/BasicShapes/Cone.uasset" 252
"../../../Engine/Content/BasicShapes/Cone.uexp" 253
"../../../Engine/Content/EditorMaterials/PreviewShadowIndicator.ubulk" 254
"../../../Engine/Content/EditorMaterials/PreviewShadowIndicator.uasset" 255
"../../../Engine/Content/EditorMaterials/PreviewShadowIndicator.uexp" 256
"../../../Engine/Content/EditorMaterials/PreviewShadowIndicatorMaterial.uasset" 257
"../../../Engine/Content/EditorMaterials/PreviewShadowIndicatorMaterial.uexp" 258
"../../../Engine/Content/EditorMaterials/PhAT_UnselectedMaterial.uasset" 259
"../../../Engine/Content/EditorMaterials/PhAT_UnselectedMaterial.uexp" 260
"../../../Engine/Content/EditorMaterials/PhAT_NoCollisionMaterial.uasset" 261
"../../../Engine/Content/EditorMaterials/PhAT_NoCollisionMaterial.uexp" 262
"../../../Engine/Content/EngineFonts/Faces/RobotoLight.uexp" 263
"../../../Engine/Content/EngineFonts/Faces/RobotoLight.uasset" 264
"../../../Engine/Content/EngineFonts/Faces/RobotoLight.ufont" 265
"../../../Engine/Content/EngineFonts/Faces/RobotoBold.uexp" 266
"../../../Engine/Content/EngineFonts/Faces/RobotoBold.uasset" 267
"../../../Engine/Content/EngineFonts/Faces/RobotoBold.ufont" 268
"../../../Engine/Content/EngineFonts/Faces/RobotoRegular.uexp" 269
"../../../Engine/Content/EngineFonts/Faces/RobotoRegular.uasset" 270
"../../../Engine/Content/EngineFonts/Faces/RobotoRegular.ufont" 271
"../../../Engine/Content/EngineFonts/Faces/RobotoItalic.uexp" 272
"../../../Engine/Content/EngineFonts/Faces/RobotoItalic.uasset" 273
"../../../Engine/Content/EngineFonts/Faces/RobotoItalic.ufont" 274
"../../../Engine/Content/EngineFonts/Faces/RobotoBoldItalic.uexp" 275
"../../../Engine/Content/EngineFonts/Faces/RobotoBoldItalic.uasset" 276
"../../../Engine/Content/EngineFonts/Faces/RobotoBoldItalic.ufont" 277
"../../../Engine/Content/EngineFonts/Roboto.uasset" 278
"../../../Engine/Content/EngineFonts/Roboto.uexp" 279
"../../../Engine/Content/Functions/Engine_MaterialFunctions02/Utility/CameraDirectionVector.uasset" 280
"../../../Engine/Content/Functions/Engine_MaterialFunctions02/Utility/CameraDirectionVector.uexp" 281
"../../../Engine/Content/EngineDebugMaterials/VolumeToRender.uasset" 282
"../../../Engine/Content/EngineDebugMaterials/VolumeToRender.uexp" 283
"../../../Engine/Content/EngineDebugMaterials/M_VolumeRenderSphereTracePP.uasset" 284
"../../../Engine/Content/EngineDebugMaterials/M_VolumeRenderSphereTracePP.uexp" 285
"../../../Engine/Content/EngineDebugMaterials/M_SimpleUnlitTranslucent.uasset" 286
"../../../Engine/Content/EngineDebugMaterials/M_SimpleUnlitTranslucent.uexp" 287
"../../../Engine/Content/EngineSounds/Master.uasset" 288
"../../../Engine/Content/EngineSounds/Master.uexp" 289
"../../../Engine/Plugins/Editor/SpeedTreeImporter/Content/SpeedTree9/game_wind_noise.ubulk" 290
"../../../Engine/Plugins/Editor/SpeedTreeImporter/Content/SpeedTree9/game_wind_noise.uasset" 291
"../../../Engine/Plugins/Editor/SpeedTreeImporter/Content/SpeedTree9/game_wind_noise.uexp" 292
"../../../Engine/Plugins/Editor/SpeedTreeImporter/Content/SpeedTree9/UnpackDirection.uasset" 293
"../../../Engine/Plugins/Editor/SpeedTreeImporter/Content/SpeedTree9/UnpackDirection.uexp" 294
"../../../Engine/Content/Functions/Engine_MaterialFunctions02/ObjectLocalBounds.uasset" 295
"../../../Engine/Content/Functions/Engine_MaterialFunctions02/ObjectLocalBounds.uexp" 296
"../../../Engine/Content/Functions/Engine_MaterialFunctions02/Utility/BreakOutFloat3Components.uasset" 297
"../../../Engine/Content/Functions/Engine_MaterialFunctions02/Utility/BreakOutFloat3Components.uexp" 298
"../../../Engine/Content/Functions/Engine_MaterialFunctions02/UVs/BoundingBoxBased_0-1_UVW.uasset" 299
"../../../Engine/Content/Functions/Engine_MaterialFunctions02/UVs/BoundingBoxBased_0-1_UVW.uexp" 300
"../../../Engine/Content/Functions/Engine_MaterialFunctions02/Utility/VectorLength.uasset" 301
"../../../Engine/Content/Functions/Engine_MaterialFunctions02/Utility/VectorLength.uexp" 302
"../../../Engine/Plugins/Editor/SpeedTreeImporter/Content/SpeedTree9/UnpackInteger3.uasset" 303
"../../../Engine/Plugins/Editor/SpeedTreeImporter/Content/SpeedTree9/UnpackInteger3.uexp" 304
"../../../Engine/Plugins/Editor/SpeedTreeImporter/Content/SpeedTree9/SpeedTreeCameraFacing.uasset" 305
"../../../Engine/Plugins/Editor/SpeedTreeImporter/Content/SpeedTree9/SpeedTreeCameraFacing.uexp" 306
"../../../Engine/Content/Functions/Engine_MaterialFunctions02/WorldPositionOffset/ObjectScale.uasset" 307
"../../../Engine/Content/Functions/Engine_MaterialFunctions02/WorldPositionOffset/ObjectScale.uexp" 308
"../../../Engine/Content/Functions/Engine_MaterialFunctions02/SafeNormalize.uasset" 309
"../../../Engine/Content/Functions/Engine_MaterialFunctions02/SafeNormalize.uexp" 310
"../../../Engine/Plugins/Editor/SpeedTreeImporter/Content/SpeedTree9/SpeedTreeWindMotion.uasset" 311
"../../../Engine/Plugins/Editor/SpeedTreeImporter/Content/SpeedTree9/SpeedTreeWindMotion.uexp" 312
"../../../Engine/Plugins/Editor/SpeedTreeImporter/Content/SpeedTree9/SpeedTreeBranchMotion.uasset" 313
"../../../Engine/Plugins/Editor/SpeedTreeImporter/Content/SpeedTree9/SpeedTreeBranchMotion.uexp" 314
"../../../Engine/Plugins/Editor/SpeedTreeImporter/Content/SpeedTree9/SpeedTreeWind.uasset" 315
"../../../Engine/Plugins/Editor/SpeedTreeImporter/Content/SpeedTree9/SpeedTreeWind.uexp" 316
"../../../Engine/Plugins/Editor/SpeedTreeImporter/Content/SpeedTree9/EmptyNormal.uasset" 317
"../../../Engine/Plugins/Editor/SpeedTreeImporter/Content/SpeedTree9/EmptyNormal.uexp" 318
"../../../Engine/Plugins/Editor/SpeedTreeImporter/Content/SpeedTree9/Empty.uasset" 319
"../../../Engine/Plugins/Editor/SpeedTreeImporter/Content/SpeedTree9/Empty.uexp" 320
"../../../Engine/Plugins/Editor/SpeedTreeImporter/Content/SpeedTree9/SpeedTreeMaster.uasset" 321
"../../../Engine/Plugins/Editor/SpeedTreeImporter/Content/SpeedTree9/SpeedTreeMaster.uexp" 322
"../../../Engine/Plugins/Editor/SpeedTreeImporter/Content/SpeedTree9/SpeedTreeBillboard.uasset" 323
"../../../Engine/Plugins/Editor/SpeedTreeImporter/Content/SpeedTree9/SpeedTreeBillboard.uexp" 324
"../../../Engine/Plugins/Editor/SpeedTreeImporter/Content/SpeedTree9/SpeedTreeBillboardMaster.uasset" 325
"../../../Engine/Plugins/Editor/SpeedTreeImporter/Content/SpeedTree9/SpeedTreeBillboardMaster.uexp" 326
"C:/Users/jpkmy/OneDrive/Documents/Unreal Projects/CG_P2/GMTK-2023/GMTK_2023/Content/UI/A.uasset" 327
"C:/Users/jpkmy/OneDrive/Documents/Unreal Projects/CG_P2/GMTK-2023/GMTK_2023/Content/UI/A.uexp" 328
"../../../Engine/Plugins/Runtime/MeshModelingToolset/Content/Materials/M_DynamicMeshComponentVtxColor.uasset" 329
"../../../Engine/Plugins/Runtime/MeshModelingToolset/Content/Materials/M_DynamicMeshComponentVtxColor.uexp" 330
"../../../Engine/Plugins/Interchange/Runtime/Content/Pipelines/DefaultTexturePipeline.uasset" 331
"../../../Engine/Plugins/Interchange/Runtime/Content/Pipelines/DefaultTexturePipeline.uexp" 332
"../../../Engine/Plugins/Interchange/Runtime/Content/Pipelines/DefaultSceneLevelPipeline.uasset" 333
"../../../Engine/Plugins/Interchange/Runtime/Content/Pipelines/DefaultSceneLevelPipeline.uexp" 334
"../../../Engine/Plugins/Interchange/Runtime/Content/Pipelines/DefaultSceneAssetsPipeline.uasset" 335
"../../../Engine/Plugins/Interchange/Runtime/Content/Pipelines/DefaultSceneAssetsPipeline.uexp" 336
"../../../Engine/Plugins/Interchange/Runtime/Content/Pipelines/DefaultMaterialPipeline.uasset" 337
"../../../Engine/Plugins/Interchange/Runtime/Content/Pipelines/DefaultMaterialPipeline.uexp" 338
"../../../Engine/Plugins/Interchange/Runtime/Content/Pipelines/DefaultAssetsPipeline.uasset" 339
"../../../Engine/Plugins/Interchange/Runtime/Content/Pipelines/DefaultAssetsPipeline.uexp" 340
"../../../Engine/Plugins/Animation/ControlRig/Content/Controls/DefaultGizmoLibraryNormalized.uasset" 341
"../../../Engine/Plugins/Animation/ControlRig/Content/Controls/DefaultGizmoLibraryNormalized.uexp" 342
"../../../Engine/Plugins/Animation/ControlRig/Content/Controls/ControlRig_Wedge_solid.ubulk" 343
"../../../Engine/Plugins/Animation/ControlRig/Content/Controls/ControlRig_Wedge_solid.uasset" 344
"../../../Engine/Plugins/Animation/ControlRig/Content/Controls/ControlRig_Wedge_solid.uexp" 345
"../../../Engine/Plugins/Animation/ControlRig/Content/Controls/ControlRig_Wedge_3mm.ubulk" 346
"../../../Engine/Plugins/Animation/ControlRig/Content/Controls/ControlRig_Wedge_3mm.uasset" 347
"../../../Engine/Plugins/Animation/ControlRig/Content/Controls/ControlRig_Wedge_3mm.uexp" 348
"../../../Engine/Plugins/Animation/ControlRig/Content/Controls/ControlRig_Wedge_1mm.ubulk" 349
"../../../Engine/Plugins/Animation/ControlRig/Content/Controls/ControlRig_Wedge_1mm.uasset" 350
"../../../Engine/Plugins/Animation/ControlRig/Content/Controls/ControlRig_Wedge_1mm.uexp" 351
"../../../Engine/Plugins/Animation/ControlRig/Content/Controls/ControlRig_Triangle_solid.ubulk" 352
"../../../Engine/Plugins/Animation/ControlRig/Content/Controls/ControlRig_Triangle_solid.uasset" 353
"../../../Engine/Plugins/Animation/ControlRig/Content/Controls/ControlRig_Triangle_solid.uexp" 354
"../../../Engine/Plugins/Animation/ControlRig/Content/Controls/ControlRig_Triangle_3mm.ubulk" 355
"../../../Engine/Plugins/Animation/ControlRig/Content/Controls/ControlRig_Triangle_3mm.uasset" 356
"../../../Engine/Plugins/Animation/ControlRig/Content/Controls/ControlRig_Triangle_3mm.uexp" 357
"../../../Engine/Plugins/Animation/ControlRig/Content/Controls/ControlRig_Triangle_1mm.ubulk" 358
"../../../Engine/Plugins/Animation/ControlRig/Content/Controls/ControlRig_Triangle_1mm.uasset" 359
"../../../Engine/Plugins/Animation/ControlRig/Content/Controls/ControlRig_Triangle_1mm.uexp" 360
"../../../Engine/Plugins/Animation/ControlRig/Content/Controls/ControlRig_Star4_solid.ubulk" 361
"../../../Engine/Plugins/Animation/ControlRig/Content/Controls/ControlRig_Star4_solid.uasset" 362
"../../../Engine/Plugins/Animation/ControlRig/Content/Controls/ControlRig_Star4_solid.uexp" 363
"../../../Engine/Plugins/Animation/ControlRig/Content/Controls/ControlRig_Star4_3mm.ubulk" 364
"../../../Engine/Plugins/Animation/ControlRig/Content/Controls/ControlRig_Star4_3mm.uasset" 365
"../../../Engine/Plugins/Animation/ControlRig/Content/Controls/ControlRig_Star4_3mm.uexp" 366
"../../../Engine/Plugins/Animation/ControlRig/Content/Controls/ControlRig_Star4_1mm.ubulk" 367
"../../../Engine/Plugins/Animation/ControlRig/Content/Controls/ControlRig_Star4_1mm.uasset" 368
"../../../Engine/Plugins/Animation/ControlRig/Content/Controls/ControlRig_Star4_1mm.uexp" 369
"../../../Engine/Plugins/Animation/ControlRig/Content/Controls/ControlRig_Square_solid.ubulk" 370
"../../../Engine/Plugins/Animation/ControlRig/Content/Controls/ControlRig_Square_solid.uasset" 371
"../../../Engine/Plugins/Animation/ControlRig/Content/Controls/ControlRig_Square_solid.uexp" 372
"../../../Engine/Plugins/Animation/ControlRig/Content/Controls/ControlRig_Square_3mm.ubulk" 373
"../../../Engine/Plugins/Animation/ControlRig/Content/Controls/ControlRig_Square_3mm.uasset" 374
"../../../Engine/Plugins/Animation/ControlRig/Content/Controls/ControlRig_Square_3mm.uexp" 375
"../../../Engine/Plugins/Animation/ControlRig/Content/Controls/ControlRig_Square_1mm.ubulk" 376
"../../../Engine/Plugins/Animation/ControlRig/Content/Controls/ControlRig_Square_1mm.uasset" 377
"../../../Engine/Plugins/Animation/ControlRig/Content/Controls/ControlRig_Square_1mm.uexp" 378
"../../../Engine/Plugins/Animation/ControlRig/Content/Controls/ControlRig_Sphere_solid.ubulk" 379
"../../../Engine/Plugins/Animation/ControlRig/Content/Controls/ControlRig_Sphere_solid.uasset" 380
"../../../Engine/Plugins/Animation/ControlRig/Content/Controls/ControlRig_Sphere_solid.uexp" 381
"../../../Engine/Plugins/Animation/ControlRig/Content/Controls/ControlRig_Sphere_3mm.ubulk" 382
"../../../Engine/Plugins/Animation/ControlRig/Content/Controls/ControlRig_Sphere_3mm.uasset" 383
"../../../Engine/Plugins/Animation/ControlRig/Content/Controls/ControlRig_Sphere_3mm.uexp" 384
"../../../Engine/Plugins/Animation/ControlRig/Content/Controls/ControlRig_Sphere_1mm.ubulk" 385
"../../../Engine/Plugins/Animation/ControlRig/Content/Controls/ControlRig_Sphere_1mm.uasset" 386
"../../../Engine/Plugins/Animation/ControlRig/Content/Controls/ControlRig_Sphere_1mm.uexp" 387
"../../../Engine/Plugins/Animation/ControlRig/Content/Controls/ControlRig_RoundedTriangle_solid.ubulk" 388
"../../../Engine/Plugins/Animation/ControlRig/Content/Controls/ControlRig_RoundedTriangle_solid.uasset" 389
"../../../Engine/Plugins/Animation/ControlRig/Content/Controls/ControlRig_RoundedTriangle_solid.uexp" 390
"../../../Engine/Plugins/Animation/ControlRig/Content/Controls/ControlRig_RoundedTriangle_3mm.ubulk" 391
"../../../Engine/Plugins/Animation/ControlRig/Content/Controls/ControlRig_RoundedTriangle_3mm.uasset" 392
"../../../Engine/Plugins/Animation/ControlRig/Content/Controls/ControlRig_RoundedTriangle_3mm.uexp" 393
"../../../Engine/Plugins/Animation/ControlRig/Content/Controls/ControlRig_RoundedTriangle_1mm.ubulk" 394
"../../../Engine/Plugins/Animation/ControlRig/Content/Controls/ControlRig_RoundedTriangle_1mm.uasset" 395
"../../../Engine/Plugins/Animation/ControlRig/Content/Controls/ControlRig_RoundedTriangle_1mm.uexp" 396
"../../../Engine/Plugins/Animation/ControlRig/Content/Controls/ControlRig_RoundedSquare_solid.ubulk" 397
"../../../Engine/Plugins/Animation/ControlRig/Content/Controls/ControlRig_RoundedSquare_solid.uasset" 398
"../../../Engine/Plugins/Animation/ControlRig/Content/Controls/ControlRig_RoundedSquare_solid.uexp" 399
"../../../Engine/Plugins/Animation/ControlRig/Content/Controls/ControlRig_RoundedSquare_3mm.ubulk" 400
"../../../Engine/Plugins/Animation/ControlRig/Content/Controls/ControlRig_RoundedSquare_3mm.uasset" 401
"../../../Engine/Plugins/Animation/ControlRig/Content/Controls/ControlRig_RoundedSquare_3mm.uexp" 402
"../../../Engine/Plugins/Animation/ControlRig/Content/Controls/ControlRig_RoundedSquare_1mm.ubulk" 403
"../../../Engine/Plugins/Animation/ControlRig/Content/Controls/ControlRig_RoundedSquare_1mm.uasset" 404
"../../../Engine/Plugins/Animation/ControlRig/Content/Controls/ControlRig_RoundedSquare_1mm.uexp" 405
"../../../Engine/Plugins/Animation/ControlRig/Content/Controls/ControlRig_QuarterCircle_solid.ubulk" 406
"../../../Engine/Plugins/Animation/ControlRig/Content/Controls/ControlRig_QuarterCircle_solid.uasset" 407
"../../../Engine/Plugins/Animation/ControlRig/Content/Controls/ControlRig_QuarterCircle_solid.uexp" 408
"../../../Engine/Plugins/Animation/ControlRig/Content/Controls/ControlRig_QuarterCircle_3mm.ubulk" 409
"../../../Engine/Plugins/Animation/ControlRig/Content/Controls/ControlRig_QuarterCircle_3mm.uasset" 410
"../../../Engine/Plugins/Animation/ControlRig/Content/Controls/ControlRig_QuarterCircle_3mm.uexp" 411
"../../../Engine/Plugins/Animation/ControlRig/Content/Controls/ControlRig_QuarterCircle_1mm.ubulk" 412
"../../../Engine/Plugins/Animation/ControlRig/Content/Controls/ControlRig_QuarterCircle_1mm.uasset" 413
"../../../Engine/Plugins/Animation/ControlRig/Content/Controls/ControlRig_QuarterCircle_1mm.uexp" 414
"../../../Engine/Plugins/Animation/ControlRig/Content/Controls/ControlRig_Pyramid_solid.ubulk" 415
"../../../Engine/Plugins/Animation/ControlRig/Content/Controls/ControlRig_Pyramid_solid.uasset" 416
"../../../Engine/Plugins/Animation/ControlRig/Content/Controls/ControlRig_Pyramid_solid.uexp" 417
"../../../Engine/Plugins/Animation/ControlRig/Content/Controls/ControlRig_Pyramid_3mm.ubulk" 418
"../../../Engine/Plugins/Animation/ControlRig/Content/Controls/ControlRig_Pyramid_3mm.uasset" 419
"../../../Engine/Plugins/Animation/ControlRig/Content/Controls/ControlRig_Pyramid_3mm.uexp" 420
"../../../Engine/Plugins/Animation/ControlRig/Content/Controls/ControlRig_Pyramid_1mm.ubulk" 421
"../../../Engine/Plugins/Animation/ControlRig/Content/Controls/ControlRig_Pyramid_1mm.uasset" 422
"../../../Engine/Plugins/Animation/ControlRig/Content/Controls/ControlRig_Pyramid_1mm.uexp" 423
"../../../Engine/Plugins/Animation/ControlRig/Content/Controls/ControlRig_Octagon_solid.ubulk" 424
"../../../Engine/Plugins/Animation/ControlRig/Content/Controls/ControlRig_Octagon_solid.uasset" 425
"../../../Engine/Plugins/Animation/ControlRig/Content/Controls/ControlRig_Octagon_solid.uexp" 426
"../../../Engine/Plugins/Animation/ControlRig/Content/Controls/ControlRig_Octagon_3mm.ubulk" 427
"../../../Engine/Plugins/Animation/ControlRig/Content/Controls/ControlRig_Octagon_3mm.uasset" 428
"../../../Engine/Plugins/Animation/ControlRig/Content/Controls/ControlRig_Octagon_3mm.uexp" 429
"../../../Engine/Plugins/Animation/ControlRig/Content/Controls/ControlRig_Octagon_1mm.ubulk" 430
"../../../Engine/Plugins/Animation/ControlRig/Content/Controls/ControlRig_Octagon_1mm.uasset" 431
"../../../Engine/Plugins/Animation/ControlRig/Content/Controls/ControlRig_Octagon_1mm.uexp" 432
"../../../Engine/Plugins/Animation/ControlRig/Content/Controls/ControlRig_Hexagon_solid.ubulk" 433
"../../../Engine/Plugins/Animation/ControlRig/Content/Controls/ControlRig_Hexagon_solid.uasset" 434
"../../../Engine/Plugins/Animation/ControlRig/Content/Controls/ControlRig_Hexagon_solid.uexp" 435
"../../../Engine/Plugins/Animation/ControlRig/Content/Controls/ControlRig_Hexagon_3mm.ubulk" 436
"../../../Engine/Plugins/Animation/ControlRig/Content/Controls/ControlRig_Hexagon_3mm.uasset" 437
"../../../Engine/Plugins/Animation/ControlRig/Content/Controls/ControlRig_Hexagon_3mm.uexp" 438
"../../../Engine/Plugins/Animation/ControlRig/Content/Controls/ControlRig_Hexagon_1mm.ubulk" 439
"../../../Engine/Plugins/Animation/ControlRig/Content/Controls/ControlRig_Hexagon_1mm.uasset" 440
"../../../Engine/Plugins/Animation/ControlRig/Content/Controls/ControlRig_Hexagon_1mm.uexp" 441
"../../../Engine/Plugins/Animation/ControlRig/Content/Controls/ControlRig_HalfCircle_solid.ubulk" 442
"../../../Engine/Plugins/Animation/ControlRig/Content/Controls/ControlRig_HalfCircle_solid.uasset" 443
"../../../Engine/Plugins/Animation/ControlRig/Content/Controls/ControlRig_HalfCircle_solid.uexp" 444
"../../../Engine/Plugins/Animation/ControlRig/Content/Controls/ControlRig_HalfCircle_3mm.ubulk" 445
"../../../Engine/Plugins/Animation/ControlRig/Content/Controls/ControlRig_HalfCircle_3mm.uasset" 446
"../../../Engine/Plugins/Animation/ControlRig/Content/Controls/ControlRig_HalfCircle_3mm.uexp" 447
"../../../Engine/Plugins/Animation/ControlRig/Content/Controls/ControlRig_HalfCircle_1mm.ubulk" 448
"../../../Engine/Plugins/Animation/ControlRig/Content/Controls/ControlRig_HalfCircle_1mm.uasset" 449
"../../../Engine/Plugins/Animation/ControlRig/Content/Controls/ControlRig_HalfCircle_1mm.uexp" 450
"../../../Engine/Plugins/Animation/ControlRig/Content/Controls/ControlRig_Diamond_solid.ubulk" 451
"../../../Engine/Plugins/Animation/ControlRig/Content/Controls/ControlRig_Diamond_solid.uasset" 452
"../../../Engine/Plugins/Animation/ControlRig/Content/Controls/ControlRig_Diamond_solid.uexp" 453
"../../../Engine/Plugins/Animation/ControlRig/Content/Controls/ControlRig_Diamond_3mm.ubulk" 454
"../../../Engine/Plugins/Animation/ControlRig/Content/Controls/ControlRig_Diamond_3mm.uasset" 455
"../../../Engine/Plugins/Animation/ControlRig/Content/Controls/ControlRig_Diamond_3mm.uexp" 456
"../../../Engine/Plugins/Animation/ControlRig/Content/Controls/ControlRig_Diamond_1mm.ubulk" 457
"../../../Engine/Plugins/Animation/ControlRig/Content/Controls/ControlRig_Diamond_1mm.uasset" 458
"../../../Engine/Plugins/Animation/ControlRig/Content/Controls/ControlRig_Diamond_1mm.uexp" 459
"../../../Engine/Plugins/Animation/ControlRig/Content/Controls/ControlRig_Circle_solid.ubulk" 460
"../../../Engine/Plugins/Animation/ControlRig/Content/Controls/ControlRig_Circle_solid.uasset" 461
"../../../Engine/Plugins/Animation/ControlRig/Content/Controls/ControlRig_Circle_solid.uexp" 462
"../../../Engine/Plugins/Animation/ControlRig/Content/Controls/ControlRig_Circle_3mm.ubulk" 463
"../../../Engine/Plugins/Animation/ControlRig/Content/Controls/ControlRig_Circle_3mm.uasset" 464
"../../../Engine/Plugins/Animation/ControlRig/Content/Controls/ControlRig_Circle_3mm.uexp" 465
"../../../Engine/Plugins/Animation/ControlRig/Content/Controls/ControlRig_Circle_1mm.ubulk" 466
"../../../Engine/Plugins/Animation/ControlRig/Content/Controls/ControlRig_Circle_1mm.uasset" 467
"../../../Engine/Plugins/Animation/ControlRig/Content/Controls/ControlRig_Circle_1mm.uexp" 468
"../../../Engine/Plugins/Animation/ControlRig/Content/Controls/ControlRig_Box_solid.ubulk" 469
"../../../Engine/Plugins/Animation/ControlRig/Content/Controls/ControlRig_Box_solid.uasset" 470
"../../../Engine/Plugins/Animation/ControlRig/Content/Controls/ControlRig_Box_solid.uexp" 471
"../../../Engine/Plugins/Animation/ControlRig/Content/Controls/ControlRig_Box_3mm.ubulk" 472
"../../../Engine/Plugins/Animation/ControlRig/Content/Controls/ControlRig_Box_3mm.uasset" 473
"../../../Engine/Plugins/Animation/ControlRig/Content/Controls/ControlRig_Box_3mm.uexp" 474
"../../../Engine/Plugins/Animation/ControlRig/Content/Controls/ControlRig_Box_1mm.ubulk" 475
"../../../Engine/Plugins/Animation/ControlRig/Content/Controls/ControlRig_Box_1mm.uasset" 476
"../../../Engine/Plugins/Animation/ControlRig/Content/Controls/ControlRig_Box_1mm.uexp" 477
"../../../Engine/Plugins/Animation/ControlRig/Content/Controls/ControlRig_Arrow_solid.ubulk" 478
"../../../Engine/Plugins/Animation/ControlRig/Content/Controls/ControlRig_Arrow_solid.uasset" 479
"../../../Engine/Plugins/Animation/ControlRig/Content/Controls/ControlRig_Arrow_solid.uexp" 480
"../../../Engine/Plugins/Animation/ControlRig/Content/Controls/ControlRig_Arrow_3mm.ubulk" 481
"../../../Engine/Plugins/Animation/ControlRig/Content/Controls/ControlRig_Arrow_3mm.uasset" 482
"../../../Engine/Plugins/Animation/ControlRig/Content/Controls/ControlRig_Arrow_3mm.uexp" 483
"../../../Engine/Plugins/Animation/ControlRig/Content/Controls/ControlRig_Arrow_1mm.ubulk" 484
"../../../Engine/Plugins/Animation/ControlRig/Content/Controls/ControlRig_Arrow_1mm.uasset" 485
"../../../Engine/Plugins/Animation/ControlRig/Content/Controls/ControlRig_Arrow_1mm.uexp" 486
"../../../Engine/Plugins/Animation/ControlRig/Content/Controls/ControlRig_Arrow4_solid.ubulk" 487
"../../../Engine/Plugins/Animation/ControlRig/Content/Controls/ControlRig_Arrow4_solid.uasset" 488
"../../../Engine/Plugins/Animation/ControlRig/Content/Controls/ControlRig_Arrow4_solid.uexp" 489
"../../../Engine/Plugins/Animation/ControlRig/Content/Controls/ControlRig_Arrow4_3mm.ubulk" 490
"../../../Engine/Plugins/Animation/ControlRig/Content/Controls/ControlRig_Arrow4_3mm.uasset" 491
"../../../Engine/Plugins/Animation/ControlRig/Content/Controls/ControlRig_Arrow4_3mm.uexp" 492
"../../../Engine/Plugins/Animation/ControlRig/Content/Controls/ControlRig_Arrow4_1mm.ubulk" 493
"../../../Engine/Plugins/Animation/ControlRig/Content/Controls/ControlRig_Arrow4_1mm.uasset" 494
"../../../Engine/Plugins/Animation/ControlRig/Content/Controls/ControlRig_Arrow4_1mm.uexp" 495
"../../../Engine/Plugins/Animation/ControlRig/Content/Controls/ControlRig_Arrow2_solid.ubulk" 496
"../../../Engine/Plugins/Animation/ControlRig/Content/Controls/ControlRig_Arrow2_solid.uasset" 497
"../../../Engine/Plugins/Animation/ControlRig/Content/Controls/ControlRig_Arrow2_solid.uexp" 498
"../../../Engine/Plugins/Animation/ControlRig/Content/Controls/ControlRig_Arrow2_3mm.ubulk" 499
"../../../Engine/Plugins/Animation/ControlRig/Content/Controls/ControlRig_Arrow2_3mm.uasset" 500
"../../../Engine/Plugins/Animation/ControlRig/Content/Controls/ControlRig_Arrow2_3mm.uexp" 501
"../../../Engine/Plugins/Animation/ControlRig/Content/Controls/ControlRig_Arrow2_1mm.ubulk" 502
"../../../Engine/Plugins/Animation/ControlRig/Content/Controls/ControlRig_Arrow2_1mm.uasset" 503
"../../../Engine/Plugins/Animation/ControlRig/Content/Controls/ControlRig_Arrow2_1mm.uexp" 504
"../../../Engine/Plugins/Animation/ControlRig/Content/Controls/ControlRigXRayMaterial.uasset" 505
"../../../Engine/Plugins/Animation/ControlRig/Content/Controls/ControlRigXRayMaterial.uexp" 506
"../../../Engine/Plugins/Animation/ControlRig/Content/Controls/ControlRigGizmoMaterial.uasset" 507
"../../../Engine/Plugins/Animation/ControlRig/Content/Controls/ControlRigGizmoMaterial.uexp" 508
"../../../Engine/Content/EngineResources/WhiteSquareTexture.uasset" 509
"../../../Engine/Content/EngineResources/WhiteSquareTexture.uexp" 510
"../../../Engine/Content/EngineMaterials/Widget3DPassThrough.uasset" 511
"../../../Engine/Content/EngineMaterials/Widget3DPassThrough.uexp" 512
"../../../Engine/Content/EngineMaterials/Widget3DPassThrough_Translucent.uasset" 513
"../../../Engine/Content/EngineMaterials/Widget3DPassThrough_Translucent.uexp" 514
"../../../Engine/Content/EngineMaterials/Widget3DPassThrough_Translucent_OneSided.uasset" 515
"../../../Engine/Content/EngineMaterials/Widget3DPassThrough_Translucent_OneSided.uexp" 516
"../../../Engine/Content/EngineMaterials/Widget3DPassThrough_Opaque.uasset" 517
"../../../Engine/Content/EngineMaterials/Widget3DPassThrough_Opaque.uexp" 518
"../../../Engine/Content/EngineMaterials/Widget3DPassThrough_Opaque_OneSided.uasset" 519
"../../../Engine/Content/EngineMaterials/Widget3DPassThrough_Opaque_OneSided.uexp" 520
"../../../Engine/Content/EngineMaterials/Widget3DPassThrough_Masked_OneSided.uasset" 521
"../../../Engine/Content/EngineMaterials/Widget3DPassThrough_Masked_OneSided.uexp" 522
"../../../Engine/Content/EngineMaterials/Widget3DPassThrough_Masked.uasset" 523
"../../../Engine/Content/EngineMaterials/Widget3DPassThrough_Masked.uexp" 524
"../../../Engine/Content/EngineMaterials/STBlueNoise_vec2_128x128x64.uasset" 525
"../../../Engine/Content/EngineMaterials/STBlueNoise_vec2_128x128x64.uexp" 526
"../../../Engine/Content/EngineMaterials/STBlueNoise_scalar_128x128x64.uasset" 527
"../../../Engine/Content/EngineMaterials/STBlueNoise_scalar_128x128x64.uexp" 528
"../../../Engine/Content/EngineMaterials/RemoveSurfaceMaterial.uasset" 529
"../../../Engine/Content/EngineMaterials/RemoveSurfaceMaterial.uexp" 530
"../../../Engine/Content/EngineMaterials/DefaultCalibrationGrayscale.uasset" 531
"../../../Engine/Content/EngineMaterials/DefaultCalibrationGrayscale.uexp" 532
"../../../Engine/Content/EngineMaterials/PPM_DefaultCalibrationGrayscale.uasset" 533
"../../../Engine/Content/EngineMaterials/PPM_DefaultCalibrationGrayscale.uexp" 534
"../../../Engine/Content/EngineMaterials/DefaultCalibrationColor.uasset" 535
"../../../Engine/Content/EngineMaterials/DefaultCalibrationColor.uexp" 536
"../../../Engine/Content/EngineMaterials/PPM_DefaultCalibrationColor.uasset" 537
"../../../Engine/Content/EngineMaterials/PPM_DefaultCalibrationColor.uexp" 538
"../../../Engine/Content/EngineMaterials/PhAT_JointLimitMaterial.uasset" 539
"../../../Engine/Content/EngineMaterials/PhAT_JointLimitMaterial.uexp" 540
"../../../Engine/Content/EngineMaterials/NaniteHiddenSectionMaterial.uasset" 541
"../../../Engine/Content/EngineMaterials/NaniteHiddenSectionMaterial.uexp" 542
"../../../Engine/Content/EngineMaterials/InvalidLightmapSettings.ubulk" 543
"../../../Engine/Content/EngineMaterials/InvalidLightmapSettings.uasset" 544
"../../../Engine/Content/EngineMaterials/InvalidLightmapSettings.uexp" 545
"../../../Engine/Content/EngineMaterials/M_InvalidLightmapSettings.uasset" 546
"../../../Engine/Content/EngineMaterials/M_InvalidLightmapSettings.uexp" 547
"../../../Engine/Content/EngineMaterials/GizmoMaterial.uasset" 548
"../../../Engine/Content/EngineMaterials/GizmoMaterial.uexp" 549
"../../../Engine/Content/EngineMaterials/BaseFlattenEmissiveMap_VT.uasset" 550
"../../../Engine/Content/EngineMaterials/BaseFlattenEmissiveMap_VT.uexp" 551
"../../../Engine/Content/EngineMaterials/BaseFlattenGrayscaleMap_VT.uasset" 552
"../../../Engine/Content/EngineMaterials/BaseFlattenGrayscaleMap_VT.uexp" 553
"../../../Engine/Content/EngineMaterials/BaseFlattenLinearColor_VT.uasset" 554
"../../../Engine/Content/EngineMaterials/BaseFlattenLinearColor_VT.uexp" 555
"../../../Engine/Content/EngineMaterials/Black_1x1_EXR_Texture_VT.uasset" 556
"../../../Engine/Content/EngineMaterials/Black_1x1_EXR_Texture_VT.uexp" 557
"../../../Engine/Content/EngineMaterials/BaseFlattenDiffuseMap_VT.uasset" 558
"../../../Engine/Content/EngineMaterials/BaseFlattenDiffuseMap_VT.uexp" 559
"../../../Engine/Content/EngineMaterials/BaseFlattenNormalMap_VT.uasset" 560
"../../../Engine/Content/EngineMaterials/BaseFlattenNormalMap_VT.uexp" 561
"../../../Engine/Content/EngineMaterials/FlattenMaterial_WS_Normal_VT.uasset" 562
"../../../Engine/Content/EngineMaterials/FlattenMaterial_WS_Normal_VT.uexp" 563
"../../../Engine/Content/EngineMaterials/FlattenMaterial_VT.uasset" 564
"../../../Engine/Content/EngineMaterials/FlattenMaterial_VT.uexp" 565
"../../../Engine/Content/EngineMaterials/BaseFlattenNormalMap.uasset" 566
"../../../Engine/Content/EngineMaterials/BaseFlattenNormalMap.uexp" 567
"../../../Engine/Content/EngineMaterials/BaseFlattenGrayscaleMap.uasset" 568
"../../../Engine/Content/EngineMaterials/BaseFlattenGrayscaleMap.uexp" 569
"../../../Engine/Content/EngineMaterials/BaseFlattenDiffuseMap.uasset" 570
"../../../Engine/Content/EngineMaterials/BaseFlattenDiffuseMap.uexp" 571
"../../../Engine/Content/Functions/Engine_MaterialFunctions02/PivotPainter2/Black_1x1_EXR_Texture.uasset" 572
"../../../Engine/Content/Functions/Engine_MaterialFunctions02/PivotPainter2/Black_1x1_EXR_Texture.uexp" 573
"../../../Engine/Content/EngineMaterials/BaseFlattenEmissiveMap.uasset" 574
"../../../Engine/Content/EngineMaterials/BaseFlattenEmissiveMap.uexp" 575
"../../../Engine/Content/EngineMaterials/BaseFlattenLinearColor.uasset" 576
"../../../Engine/Content/EngineMaterials/BaseFlattenLinearColor.uexp" 577
"../../../Engine/Content/EngineMaterials/FlattenMaterial.uasset" 578
"../../../Engine/Content/EngineMaterials/FlattenMaterial.uexp" 579
"../../../Engine/Content/EngineMaterials/DefaultWhiteGrid_Low.uasset" 580
"../../../Engine/Content/EngineMaterials/DefaultWhiteGrid_Low.uexp" 581
"../../../Engine/Content/EngineMaterials/EmissiveMeshMaterial.uasset" 582
"../../../Engine/Content/EngineMaterials/EmissiveMeshMaterial.uexp" 583
"../../../Engine/Content/EngineFonts/RobotoDistanceField.uasset" 584
"../../../Engine/Content/EngineFonts/RobotoDistanceField.uexp" 585
"../../../Engine/Content/EngineMaterials/DefaultTextMaterialOpaque.uasset" 586
"../../../Engine/Content/EngineMaterials/DefaultTextMaterialOpaque.uexp" 587
"../../../Engine/Content/EngineMaterials/DefaultDiffuse.ubulk" 588
"../../../Engine/Content/EngineMaterials/DefaultDiffuse.uasset" 589
"../../../Engine/Content/EngineMaterials/DefaultDiffuse.uexp" 590
"../../../Engine/Content/Functions/Engine_MaterialFunctions02/Utility/BreakOutFloat2Components.uasset" 591
"../../../Engine/Content/Functions/Engine_MaterialFunctions02/Utility/BreakOutFloat2Components.uexp" 592
"../../../Engine/Content/EngineMaterials/DefaultPostProcessMaterial.uasset" 593
"../../../Engine/Content/EngineMaterials/DefaultPostProcessMaterial.uexp" 594
"../../../Engine/Content/EngineMaterials/DefaultPhysicalMaterial.uasset" 595
"../../../Engine/Content/EngineMaterials/DefaultPhysicalMaterial.uexp" 596
"../../../Engine/Content/EngineMaterials/DefaultLightFunctionMaterial.uasset" 597
"../../../Engine/Content/EngineMaterials/DefaultLightFunctionMaterial.uexp" 598
"../../../Engine/Content/EngineMaterials/DefaultDestructiblePhysicalMaterial.uasset" 599
"../../../Engine/Content/EngineMaterials/DefaultDestructiblePhysicalMaterial.uexp" 600
"../../../Engine/Content/EngineMaterials/DefaultDeferredDecalMaterial.uasset" 601
"../../../Engine/Content/EngineMaterials/DefaultDeferredDecalMaterial.uexp" 602
"../../../Engine/Content/EngineMaterials/DefaultBloomKernel.uasset" 603
"../../../Engine/Content/EngineMaterials/DefaultBloomKernel.uexp" 604
"../../../Engine/Content/EngineDebugMaterials/DebugMeshMaterial.uasset" 605
"../../../Engine/Content/EngineDebugMaterials/DebugMeshMaterial.uexp" 606
"../../../Engine/Content/EngineDebugMaterials/DebugEditorMaterial.uasset" 607
"../../../Engine/Content/EngineDebugMaterials/DebugEditorMaterial.uexp" 608
"../../../Engine/Content/EngineDamageTypes/DmgTypeBP_Environmental.uasset" 609
"../../../Engine/Content/EngineDamageTypes/DmgTypeBP_Environmental.uexp" 610
"../../../Engine/Content/EditorResources/S_Terrain.ubulk" 611
"../../../Engine/Content/EditorResources/S_Terrain.uasset" 612
"../../../Engine/Content/EditorResources/S_Terrain.uexp" 613
"../../../Engine/Content/EditorResources/EmptyActor.uasset" 614
"../../../Engine/Content/EditorResources/EmptyActor.uexp" 615
"../../../Engine/Content/EditorResources/BSPVertex.uasset" 616
"../../../Engine/Content/EditorResources/BSPVertex.uexp" 617
"../../../Engine/Content/EditorLandscapeResources/DefaultAlphaTexture.uasset" 618
"../../../Engine/Content/EditorLandscapeResources/DefaultAlphaTexture.uexp" 619
"../../../Engine/Content/EditorLandscapeResources/DataLayer.uasset" 620
"../../../Engine/Content/EditorLandscapeResources/DataLayer.uexp" 621
"../../../Engine/Content/MobileResources/HUD/VirtualJoystick_Background.uasset" 622
"../../../Engine/Content/MobileResources/HUD/VirtualJoystick_Background.uexp" 623
"../../../Engine/Content/MobileResources/HUD/VirtualJoystick_Thumb.uasset" 624
"../../../Engine/Content/MobileResources/HUD/VirtualJoystick_Thumb.uexp" 625
"../../../Engine/Content/MobileResources/HUD/DefaultVirtualJoysticks.uasset" 626
"../../../Engine/Content/MobileResources/HUD/DefaultVirtualJoysticks.uexp" 627
"../../../Engine/Content/EngineSky/VolumetricClouds/CloudWeatherTexture.uasset" 628
"../../../Engine/Content/EngineSky/VolumetricClouds/CloudWeatherTexture.uexp" 629
"../../../Engine/Content/Functions/Engine_MaterialFunctions02/Utility/MakeFloat2.uasset" 630
"../../../Engine/Content/Functions/Engine_MaterialFunctions02/Utility/MakeFloat2.uexp" 631
"../../../Engine/Content/EngineSky/VolumetricClouds/CloudGradientTexture.uasset" 632
"../../../Engine/Content/EngineSky/VolumetricClouds/CloudGradientTexture.uexp" 633
"../../../Engine/Content/EngineSky/VolumetricClouds/T_NoiseShape64.ubulk" 634
"../../../Engine/Content/EngineSky/VolumetricClouds/T_NoiseShape64.uasset" 635
"../../../Engine/Content/EngineSky/VolumetricClouds/T_NoiseShape64.uexp" 636
"../../../Engine/Content/EngineSky/VolumetricClouds/T_VolumeNoiseShape64.uasset" 637
"../../../Engine/Content/EngineSky/VolumetricClouds/T_VolumeNoiseShape64.uexp" 638
"../../../Engine/Content/EngineSky/VolumetricClouds/T_NoiseErosion.ubulk" 639
"../../../Engine/Content/EngineSky/VolumetricClouds/T_NoiseErosion.uasset" 640
"../../../Engine/Content/EngineSky/VolumetricClouds/T_NoiseErosion.uexp" 641
"../../../Engine/Content/EngineSky/VolumetricClouds/T_VolumeNoiseErosion32.uasset" 642
"../../../Engine/Content/EngineSky/VolumetricClouds/T_VolumeNoiseErosion32.uexp" 643
"../../../Engine/Content/EngineSky/VolumetricClouds/m_SimpleVolumetricCloud.uasset" 644
"../../../Engine/Content/EngineSky/VolumetricClouds/m_SimpleVolumetricCloud.uexp" 645
"../../../Engine/Content/EngineSky/VolumetricClouds/m_SimpleVolumetricCloud_Inst.uasset" 646
"../../../Engine/Content/EngineSky/VolumetricClouds/m_SimpleVolumetricCloud_Inst.uexp" 647
"../../../Engine/Content/EngineResources/FilmGrains/Marcie_Grain_v3_128_M2_000.uasset" 648
"../../../Engine/Content/EngineResources/FilmGrains/Marcie_Grain_v3_128_M2_000.uexp" 649
"../../../Engine/Content/EditorResources/SequenceRecorder/RecordingIndicator.uasset" 650
"../../../Engine/Content/EditorResources/SequenceRecorder/RecordingIndicator.uexp" 651
"../../../Engine/Content/EditorResources/SequenceRecorder/Countdown.uasset" 652
"../../../Engine/Content/EditorResources/SequenceRecorder/Countdown.uexp" 653
"../../../Engine/Content/EditorResources/LightIcons/S_LightError.uasset" 654
"../../../Engine/Content/EditorResources/LightIcons/S_LightError.uexp" 655
"../../../Engine/Content/Functions/Engine_MaterialFunctions01/Shading/PowerToRoughness.uasset" 656
"../../../Engine/Content/Functions/Engine_MaterialFunctions01/Shading/PowerToRoughness.uexp" 657
"../../../Engine/Content/Functions/Engine_MaterialFunctions01/Shading/ConvertFromDiffSpec.uasset" 658
"../../../Engine/Content/Functions/Engine_MaterialFunctions01/Shading/ConvertFromDiffSpec.uexp" 659
"C:/Users/jpkmy/OneDrive/Documents/Unreal Projects/CG_P2/GMTK-2023/GMTK_2023/Content/Platforms/platform_rectangleBounce_Anim_Root_idle.uasset" 660
"C:/Users/jpkmy/OneDrive/Documents/Unreal Projects/CG_P2/GMTK-2023/GMTK_2023/Content/Platforms/platform_rectangleBounce_Anim_Root_idle.uexp" 661
"C:/Users/jpkmy/OneDrive/Documents/Unreal Projects/CG_P2/GMTK-2023/GMTK_2023/Content/Platforms/platform_bounce_Skeleton.uasset" 662
"C:/Users/jpkmy/OneDrive/Documents/Unreal Projects/CG_P2/GMTK-2023/GMTK_2023/Content/Platforms/platform_bounce_Skeleton.uexp" 663
"C:/Users/jpkmy/OneDrive/Documents/Unreal Projects/CG_P2/GMTK-2023/GMTK_2023/Content/Platforms/platform_bounce_Anim_Root_platformBounce_idle.uasset" 664
"C:/Users/jpkmy/OneDrive/Documents/Unreal Projects/CG_P2/GMTK-2023/GMTK_2023/Content/Platforms/platform_bounce_Anim_Root_platformBounce_idle.uexp" 665
"C:/Users/jpkmy/OneDrive/Documents/Unreal Projects/CG_P2/GMTK-2023/GMTK_2023/Content/Platforms/pipe_Anim_Armature_idle.uasset" 666
"C:/Users/jpkmy/OneDrive/Documents/Unreal Projects/CG_P2/GMTK-2023/GMTK_2023/Content/Platforms/pipe_Anim_Armature_idle.uexp" 667
"C:/Users/jpkmy/OneDrive/Documents/Unreal Projects/CG_P2/GMTK-2023/GMTK_2023/Content/Platforms/pipe_Anim_Armature_ArmatureAction.uasset" 668
"C:/Users/jpkmy/OneDrive/Documents/Unreal Projects/CG_P2/GMTK-2023/GMTK_2023/Content/Platforms/pipe_Anim_Armature_ArmatureAction.uexp" 669
"C:/Users/jpkmy/OneDrive/Documents/Unreal Projects/CG_P2/GMTK-2023/GMTK_2023/Content/Platforms/beachBall_Anim_Root_idle.uasset" 670
"C:/Users/jpkmy/OneDrive/Documents/Unreal Projects/CG_P2/GMTK-2023/GMTK_2023/Content/Platforms/beachBall_Anim_Root_idle.uexp" 671
"../../../Engine/Content/EngineSky/C_Sky_Horizon_Color.uasset" 672
"../../../Engine/Content/EngineSky/C_Sky_Horizon_Color.uexp" 673
"../../../Engine/Content/EngineSky/T_Sky_Stars.ubulk" 674
"../../../Engine/Content/EngineSky/T_Sky_Stars.uasset" 675
"../../../Engine/Content/EngineSky/T_Sky_Stars.uexp" 676
"../../../Engine/Content/EngineSky/T_Sky_Clouds_M.ubulk" 677
"../../../Engine/Content/EngineSky/T_Sky_Clouds_M.uasset" 678
"../../../Engine/Content/EngineSky/T_Sky_Clouds_M.uexp" 679
"../../../Engine/Content/EngineSky/T_Sky_Blue.ubulk" 680
"../../../Engine/Content/EngineSky/T_Sky_Blue.uasset" 681
"../../../Engine/Content/EngineSky/T_Sky_Blue.uexp" 682
"../../../Engine/Content/EngineSky/M_Sky_Panning_Clouds2.uasset" 683
"../../../Engine/Content/EngineSky/M_Sky_Panning_Clouds2.uexp" 684
"../../../Engine/Content/EngineSky/SM_SkySphere.ubulk" 685
"../../../Engine/Content/EngineSky/SM_SkySphere.uasset" 686
"../../../Engine/Content/EngineSky/SM_SkySphere.uexp" 687
"../../../Engine/Content/EngineSky/C_Sky_Cloud_Color.uasset" 688
"../../../Engine/Content/EngineSky/C_Sky_Cloud_Color.uexp" 689
"../../../Engine/Content/EngineSky/C_Sky_Zenith_Color.uasset" 690
"../../../Engine/Content/EngineSky/C_Sky_Zenith_Color.uexp" 691
"../../../Engine/Content/EngineSky/BP_Sky_Sphere.uasset" 692
"../../../Engine/Content/EngineSky/BP_Sky_Sphere.uexp" 693
"C:/Users/jpkmy/OneDrive/Documents/Unreal Projects/CG_P2/GMTK-2023/GMTK_2023/Content/BP_VictoryActor.uasset" 694
"C:/Users/jpkmy/OneDrive/Documents/Unreal Projects/CG_P2/GMTK-2023/GMTK_2023/Content/BP_VictoryActor.uexp" 695
"C:/Users/jpkmy/OneDrive/Documents/Unreal Projects/CG_P2/GMTK-2023/GMTK_2023/Content/Lvls/Lvl_Victory.uexp" 696
"C:/Users/jpkmy/OneDrive/Documents/Unreal Projects/CG_P2/GMTK-2023/GMTK_2023/Content/Lvls/Lvl_Victory.umap" 697
"C:/Users/jpkmy/OneDrive/Documents/Unreal Projects/CG_P2/GMTK-2023/GMTK_2023/Content/Platforms/platform_bounce_PhysicsAsset.uasset" 698
"C:/Users/jpkmy/OneDrive/Documents/Unreal Projects/CG_P2/GMTK-2023/GMTK_2023/Content/Platforms/platform_bounce_PhysicsAsset.uexp" 699
"C:/Users/jpkmy/OneDrive/Documents/Unreal Projects/CG_P2/GMTK-2023/GMTK_2023/Content/Platforms/platform_bounce.uasset" 700
"C:/Users/jpkmy/OneDrive/Documents/Unreal Projects/CG_P2/GMTK-2023/GMTK_2023/Content/Platforms/platform_bounce.uexp" 701
"C:/Users/jpkmy/OneDrive/Documents/Unreal Projects/CG_P2/GMTK-2023/GMTK_2023/Content/Platforms/platform_bounce_Anim_Root_platformBounce_bounce.uasset" 702
"C:/Users/jpkmy/OneDrive/Documents/Unreal Projects/CG_P2/GMTK-2023/GMTK_2023/Content/Platforms/platform_bounce_Anim_Root_platformBounce_bounce.uexp" 703
"C:/Users/jpkmy/OneDrive/Documents/Unreal Projects/CG_P2/GMTK-2023/GMTK_2023/Content/Platforms/BP_BouncePad.uasset" 704
"C:/Users/jpkmy/OneDrive/Documents/Unreal Projects/CG_P2/GMTK-2023/GMTK_2023/Content/Platforms/BP_BouncePad.uexp" 705
"C:/Users/jpkmy/OneDrive/Documents/Unreal Projects/CG_P2/GMTK-2023/GMTK_2023/Content/Lvls/Lvl_Menu.uexp" 706
"C:/Users/jpkmy/OneDrive/Documents/Unreal Projects/CG_P2/GMTK-2023/GMTK_2023/Content/Lvls/Lvl_Menu.umap" 707
"../../../Engine/Content/BasicShapes/Plane.ubulk" 708
"../../../Engine/Content/BasicShapes/Plane.uasset" 709
"../../../Engine/Content/BasicShapes/Plane.uexp" 710
"C:/Users/jpkmy/OneDrive/Documents/Unreal Projects/CG_P2/GMTK-2023/GMTK_2023/Content/checkerboard.uasset" 711
"C:/Users/jpkmy/OneDrive/Documents/Unreal Projects/CG_P2/GMTK-2023/GMTK_2023/Content/checkerboard.uexp" 712
"C:/Users/jpkmy/OneDrive/Documents/Unreal Projects/CG_P2/GMTK-2023/GMTK_2023/Content/Mat_Checkerboard.uasset" 713
"C:/Users/jpkmy/OneDrive/Documents/Unreal Projects/CG_P2/GMTK-2023/GMTK_2023/Content/Mat_Checkerboard.uexp" 714
"C:/Users/jpkmy/OneDrive/Documents/Unreal Projects/CG_P2/GMTK-2023/GMTK_2023/Content/BP_VictoryArea.uasset" 715
"C:/Users/jpkmy/OneDrive/Documents/Unreal Projects/CG_P2/GMTK-2023/GMTK_2023/Content/BP_VictoryArea.uexp" 716
"C:/Users/jpkmy/OneDrive/Documents/Unreal Projects/CG_P2/GMTK-2023/GMTK_2023/Content/Platforms/beachBall_PhysicsAsset.uasset" 717
"C:/Users/jpkmy/OneDrive/Documents/Unreal Projects/CG_P2/GMTK-2023/GMTK_2023/Content/Platforms/beachBall_PhysicsAsset.uexp" 718
"C:/Users/jpkmy/OneDrive/Documents/Unreal Projects/CG_P2/GMTK-2023/GMTK_2023/Content/Platforms/ballAlt_MAT.uasset" 719
"C:/Users/jpkmy/OneDrive/Documents/Unreal Projects/CG_P2/GMTK-2023/GMTK_2023/Content/Platforms/ballAlt_MAT.uexp" 720
"C:/Users/jpkmy/OneDrive/Documents/Unreal Projects/CG_P2/GMTK-2023/GMTK_2023/Content/Platforms/ballBase_MAT.uasset" 721
"C:/Users/jpkmy/OneDrive/Documents/Unreal Projects/CG_P2/GMTK-2023/GMTK_2023/Content/Platforms/ballBase_MAT.uexp" 722
"C:/Users/jpkmy/OneDrive/Documents/Unreal Projects/CG_P2/GMTK-2023/GMTK_2023/Content/Platforms/beachBall.uasset" 723
"C:/Users/jpkmy/OneDrive/Documents/Unreal Projects/CG_P2/GMTK-2023/GMTK_2023/Content/Platforms/beachBall.uexp" 724
"C:/Users/jpkmy/OneDrive/Documents/Unreal Projects/CG_P2/GMTK-2023/GMTK_2023/Content/Platforms/beachBall_Anim_Root_hit.uasset" 725
"C:/Users/jpkmy/OneDrive/Documents/Unreal Projects/CG_P2/GMTK-2023/GMTK_2023/Content/Platforms/beachBall_Anim_Root_hit.uexp" 726
"C:/Users/jpkmy/OneDrive/Documents/Unreal Projects/CG_P2/GMTK-2023/GMTK_2023/Content/BP_BounceAwayActor.uasset" 727
"C:/Users/jpkmy/OneDrive/Documents/Unreal Projects/CG_P2/GMTK-2023/GMTK_2023/Content/BP_BounceAwayActor.uexp" 728
"C:/Users/jpkmy/OneDrive/Documents/Unreal Projects/CG_P2/GMTK-2023/GMTK_2023/Content/Lvls/Lvl_4.uexp" 729
"C:/Users/jpkmy/OneDrive/Documents/Unreal Projects/CG_P2/GMTK-2023/GMTK_2023/Content/Lvls/Lvl_4.umap" 730
"../../../Engine/Content/BasicShapes/Cube.ubulk" 731
"../../../Engine/Content/BasicShapes/Cube.uasset" 732
"../../../Engine/Content/BasicShapes/Cube.uexp" 733
"../../../Engine/Content/BasicShapes/BasicShapeMaterial.uasset" 734
"../../../Engine/Content/BasicShapes/BasicShapeMaterial.uexp" 735
"C:/Users/jpkmy/OneDrive/Documents/Unreal Projects/CG_P2/GMTK-2023/GMTK_2023/Content/Lvls/Lvl_3.uexp" 736
"C:/Users/jpkmy/OneDrive/Documents/Unreal Projects/CG_P2/GMTK-2023/GMTK_2023/Content/Lvls/Lvl_3.umap" 737
"C:/Users/jpkmy/OneDrive/Documents/Unreal Projects/CG_P2/GMTK-2023/GMTK_2023/Content/Lvls/Lvl_2.uexp" 738
"C:/Users/jpkmy/OneDrive/Documents/Unreal Projects/CG_P2/GMTK-2023/GMTK_2023/Content/Lvls/Lvl_2.umap" 739
"C:/Users/jpkmy/OneDrive/Documents/Unreal Projects/CG_P2/GMTK-2023/GMTK_2023/Content/Lvls/Lvl_1.uexp" 740
"C:/Users/jpkmy/OneDrive/Documents/Unreal Projects/CG_P2/GMTK-2023/GMTK_2023/Content/Lvls/Lvl_1.umap" 741
